#
# A fatal error has been detected by the Java Runtime Environment:
#
#  EXCEPTION_ACCESS_VIOLATION (0xc0000005) at pc=0x000007feda8a7837, pid=6968, tid=0x00000000000000bc
#
# JRE version: OpenJDK Runtime Environment (8.0_152-b01) (build 1.8.0_152-release-819-b1)
# Java VM: OpenJDK 64-Bit Server VM (25.152-b1 mixed mode windows-amd64 compressed oops)
# Problematic frame:
# C  [awt.dll+0x27837]
#
# Failed to write core dump. Minidumps are not enabled by default on client versions of Windows
#
# If you would like to submit a bug report, please visit:
#   http://bugreport.java.com/bugreport/crash.jsp
# The crash happened outside the Java Virtual Machine in native code.
# See problematic frame for where to report the bug.
#

---------------  T H R E A D  ---------------

Current thread (0x0000000018f6a000):  JavaThread "AWT-EventQueue-0" [_thread_in_native, id=188, stack(0x000000001a0c0000,0x000000001a1c0000)]

siginfo: ExceptionCode=0xc0000005, reading address 0x000000000000000c

Registers:
RAX=0x0000000000000000, RBX=0x0000000000000000, RCX=0x0000000000000000, RDX=0x0000000000000000
RSP=0x000000001a1be388, RBP=0x000000001a1be438, RSI=0x0000000016fee028, RDI=0x0000000000000640
R8 =0x0000000000000001, R9 =0x000000001a1be438, R10=0x0000000000000000, R11=0x0000000000000246
R12=0x0000000000000000, R13=0x0000000016feaf98, R14=0x000000001a1be458, R15=0x0000000018f6a000
RIP=0x000007feda8a7837, EFLAGS=0x0000000000010246

Top of Stack: (sp=0x000000001a1be388)
0x000000001a1be388:   000007feda94c1f9 000007feda9c3a18
0x000000001a1be398:   0000000016feaf98 000000001a1be900
0x000000001a1be3a8:   0000000018f6a000 fffffffffffffffe
0x000000001a1be3b8:   0000000016fee028 0000000002947e20
0x000000001a1be3c8:   0000000002957cb4 0000000016feaf98
0x000000001a1be3d8:   0000000016feaf98 0000000000000000
0x000000001a1be3e8:   0000000018f6a000 00000000029579e2
0x000000001a1be3f8:   000000001a1be3f8 0000000016feaf98
0x000000001a1be408:   000000001a1be458 0000000016ffc950
0x000000001a1be418:   0000000000000000 0000000016feaf98
0x000000001a1be428:   0000000000000000 000000001a1be458
0x000000001a1be438:   000000001a1be4b0 0000000002947ae0
0x000000001a1be448:   0000000000000000 0000000002951716
0x000000001a1be458:   00000000d6325210 00000000d643ec30
0x000000001a1be468:   00000000d643ec30 000000001a1be470
0x000000001a1be478:   0000000016ff56b5 000000001a1be4c0 

Instructions: (pc=0x000007feda8a7837)
0x000007feda8a7817:   52 10 48 8b c3 48 8b 5c 24 48 48 83 c4 30 5f c3
0x000007feda8a7827:   cc cc cc cc cc cc cc cc cc 48 8b c1 85 d2 78 05
0x000007feda8a7837:   3b 51 0c 7c 0a 45 85 c0 75 03 33 c0 c3 33 d2 48
0x000007feda8a7847:   8b 00 48 63 ca 48 8b 04 c8 c3 cc cc cc cc cc cc 


Register to memory mapping:

RAX=0x0000000000000000 is an unknown value
RBX=0x0000000000000000 is an unknown value
RCX=0x0000000000000000 is an unknown value
RDX=0x0000000000000000 is an unknown value
RSP=0x000000001a1be388 is pointing into the stack for thread: 0x0000000018f6a000
RBP=0x000000001a1be438 is pointing into the stack for thread: 0x0000000018f6a000
RSI=0x0000000016fee028 is pointing into metadata
RDI=0x0000000000000640 is an unknown value
R8 =0x0000000000000001 is an unknown value
R9 =0x000000001a1be438 is pointing into the stack for thread: 0x0000000018f6a000
R10=0x0000000000000000 is an unknown value
R11=0x0000000000000246 is an unknown value
R12=0x0000000000000000 is an unknown value
R13={method} {0x0000000016feafa0} 'getScreenWidth' '()I' in 'sun/awt/windows/WToolkit'
R14=0x000000001a1be458 is pointing into the stack for thread: 0x0000000018f6a000
R15=0x0000000018f6a000 is a thread


Stack: [0x000000001a0c0000,0x000000001a1c0000],  sp=0x000000001a1be388,  free space=1016k
Native frames: (J=compiled Java code, j=interpreted, Vv=VM code, C=native code)
C  [awt.dll+0x27837]

Java frames: (J=compiled Java code, j=interpreted, Vv=VM code)
j  sun.awt.windows.WToolkit.getScreenWidth()I+0
j  sun.awt.SunToolkit.getScreenSize()Ljava/awt/Dimension;+5
j  mvc.Viewer.<init>()V+18
j  mvc.Application.run()V+5
j  mvc.Main$1.run()V+9
j  java.awt.event.InvocationEvent.dispatch()V+47
j  java.awt.EventQueue.dispatchEventImpl(Ljava/awt/AWTEvent;Ljava/lang/Object;)V+21
j  java.awt.EventQueue.access$500(Ljava/awt/EventQueue;Ljava/awt/AWTEvent;Ljava/lang/Object;)V+3
j  java.awt.EventQueue$3.run()Ljava/lang/Void;+32
j  java.awt.EventQueue$3.run()Ljava/lang/Object;+1
v  ~StubRoutines::call_stub
j  java.security.AccessController.doPrivileged(Ljava/security/PrivilegedAction;Ljava/security/AccessControlContext;)Ljava/lang/Object;+0
j  java.security.ProtectionDomain$JavaSecurityAccessImpl.doIntersectionPrivilege(Ljava/security/PrivilegedAction;Ljava/security/AccessControlContext;Ljava/security/AccessControlContext;)Ljava/lang/Object;+18
j  java.awt.EventQueue.dispatchEvent(Ljava/awt/AWTEvent;)V+46
j  java.awt.EventDispatchThread.pumpOneEventForFilters(I)V+245
j  java.awt.EventDispatchThread.pumpEventsForFilter(ILjava/awt/Conditional;Ljava/awt/EventFilter;)V+35
j  java.awt.EventDispatchThread.pumpEventsForHierarchy(ILjava/awt/Conditional;Ljava/awt/Component;)V+11
j  java.awt.EventDispatchThread.pumpEvents(ILjava/awt/Conditional;)V+4
j  java.awt.EventDispatchThread.pumpEvents(Ljava/awt/Conditional;)V+3
j  java.awt.EventDispatchThread.run()V+9
v  ~StubRoutines::call_stub

---------------  P R O C E S S  ---------------

Java Threads: ( => current thread )
  0x00000000020d8000 JavaThread "DestroyJavaVM" [_thread_blocked, id=5796, stack(0x0000000002250000,0x0000000002350000)]
=>0x0000000018f6a000 JavaThread "AWT-EventQueue-0" [_thread_in_native, id=188, stack(0x000000001a0c0000,0x000000001a1c0000)]
  0x0000000018f61800 JavaThread "AWT-Windows" daemon [_thread_in_native, id=7140, stack(0x00000000194c0000,0x00000000195c0000)]
  0x0000000018f60800 JavaThread "AWT-Shutdown" [_thread_blocked, id=3848, stack(0x0000000019cc0000,0x0000000019dc0000)]
  0x0000000018f60000 JavaThread "Java2D Disposer" daemon [_thread_blocked, id=4444, stack(0x0000000019110000,0x0000000019210000)]
  0x0000000018c7c800 JavaThread "Service Thread" daemon [_thread_blocked, id=1520, stack(0x0000000019a00000,0x0000000019b00000)]
  0x0000000018c3c800 JavaThread "C1 CompilerThread2" daemon [_thread_blocked, id=6664, stack(0x0000000019830000,0x0000000019930000)]
  0x0000000018beb800 JavaThread "C2 CompilerThread1" daemon [_thread_blocked, id=6932, stack(0x0000000019620000,0x0000000019720000)]
  0x0000000018bea800 JavaThread "C2 CompilerThread0" daemon [_thread_blocked, id=6920, stack(0x00000000193b0000,0x00000000194b0000)]
  0x0000000018bd7800 JavaThread "Monitor Ctrl-Break" daemon [_thread_in_native, id=4172, stack(0x0000000019210000,0x0000000019310000)]
  0x0000000018ba0800 JavaThread "Attach Listener" daemon [_thread_blocked, id=6832, stack(0x0000000019000000,0x0000000019100000)]
  0x00000000175ee800 JavaThread "Signal Dispatcher" daemon [_thread_blocked, id=6848, stack(0x0000000018950000,0x0000000018a50000)]
  0x00000000175da800 JavaThread "Finalizer" daemon [_thread_blocked, id=6820, stack(0x0000000018aa0000,0x0000000018ba0000)]
  0x0000000017593800 JavaThread "Reference Handler" daemon [_thread_blocked, id=5612, stack(0x00000000186d0000,0x00000000187d0000)]

Other Threads:
  0x000000001758b800 VMThread [stack: 0x00000000187d0000,0x00000000188d0000] [id=5024]
  0x0000000018c80800 WatcherThread [stack: 0x0000000019b60000,0x0000000019c60000] [id=6724]

VM state:not at safepoint (normal execution)

VM Mutex/Monitor currently owned by a thread: None

Heap:
 PSYoungGen      total 38400K, used 8005K [0x00000000d5d80000, 0x00000000d8800000, 0x0000000100000000)
  eden space 33280K, 24% used [0x00000000d5d80000,0x00000000d6551718,0x00000000d7e00000)
  from space 5120K, 0% used [0x00000000d8300000,0x00000000d8300000,0x00000000d8800000)
  to   space 5120K, 0% used [0x00000000d7e00000,0x00000000d7e00000,0x00000000d8300000)
 ParOldGen       total 87552K, used 0K [0x0000000081800000, 0x0000000086d80000, 0x00000000d5d80000)
  object space 87552K, 0% used [0x0000000081800000,0x0000000081800000,0x0000000086d80000)
 Metaspace       used 6012K, capacity 6228K, committed 6400K, reserved 1056768K
  class space    used 659K, capacity 733K, committed 768K, reserved 1048576K

Card table byte_map: [0x0000000011d00000,0x0000000012100000] byte_map_base: 0x00000000118f4000

Marking Bits: (ParMarkBitMap*) 0x00000000525f3950
 Begin Bits: [0x00000000128c0000, 0x0000000014860000)
 End Bits:   [0x0000000014860000, 0x0000000016800000)

Polling page: 0x0000000000130000

CodeCache: size=245760Kb used=1578Kb max_used=1578Kb free=244181Kb
 bounds [0x0000000002940000, 0x0000000002bb0000, 0x0000000011940000]
 total_blobs=580 nmethods=243 adapters=251
 compilation: enabled

Compilation events (10 events):
Event: 0.729 Thread 0x0000000018c3c800  238  s    3       sun.misc.URLClassPath::getNextLoader (88 bytes)
Event: 0.730 Thread 0x0000000018c3c800 nmethod 238 0x0000000002ac9650 code [0x0000000002ac9820, 0x0000000002aca088]
Event: 0.730 Thread 0x0000000018c3c800  241   !   3       sun.instrument.TransformerManager::transform (98 bytes)
Event: 0.730 Thread 0x0000000018c3c800 nmethod 241 0x0000000002aca510 code [0x0000000002aca6a0, 0x0000000002acab98]
Event: 0.730 Thread 0x0000000018c3c800  243       1       java.net.URL::getProtocol (5 bytes)
Event: 0.730 Thread 0x0000000018c3c800 nmethod 243 0x0000000002acae10 code [0x0000000002acaf60, 0x0000000002acb070]
Event: 0.731 Thread 0x0000000018c3c800  240       1       java.net.URL::getHost (5 bytes)
Event: 0.731 Thread 0x0000000018c3c800 nmethod 240 0x0000000002acb0d0 code [0x0000000002acb220, 0x0000000002acb330]
Event: 0.731 Thread 0x0000000018c3c800  242       1       java.net.URL::getRef (5 bytes)
Event: 0.731 Thread 0x0000000018c3c800 nmethod 242 0x0000000002acb390 code [0x0000000002acb4e0, 0x0000000002acb5f0]

GC Heap History (0 events):
No events

Deoptimization events (0 events):
No events

Classes redefined (0 events):
No events

Internal exceptions (10 events):
Event: 0.304 Thread 0x00000000020d8000 Exception <a 'java/security/PrivilegedActionException'> (0x00000000d5f28238) thrown at [C:\BuildAgent\work\d332137835c821ac\hotspot\src\share\vm\prims\jvm.cpp, line 1390]
Event: 0.304 Thread 0x00000000020d8000 Exception <a 'java/security/PrivilegedActionException'> (0x00000000d5f28448) thrown at [C:\BuildAgent\work\d332137835c821ac\hotspot\src\share\vm\prims\jvm.cpp, line 1390]
Event: 0.304 Thread 0x00000000020d8000 Exception <a 'java/security/PrivilegedActionException'> (0x00000000d5f2b9b0) thrown at [C:\BuildAgent\work\d332137835c821ac\hotspot\src\share\vm\prims\jvm.cpp, line 1390]
Event: 0.305 Thread 0x00000000020d8000 Exception <a 'java/security/PrivilegedActionException'> (0x00000000d5f2bbc0) thrown at [C:\BuildAgent\work\d332137835c821ac\hotspot\src\share\vm\prims\jvm.cpp, line 1390]
Event: 0.305 Thread 0x00000000020d8000 Exception <a 'java/security/PrivilegedActionException'> (0x00000000d5f2cd98) thrown at [C:\BuildAgent\work\d332137835c821ac\hotspot\src\share\vm\prims\jvm.cpp, line 1390]
Event: 0.305 Thread 0x00000000020d8000 Exception <a 'java/security/PrivilegedActionException'> (0x00000000d5f2cfa8) thrown at [C:\BuildAgent\work\d332137835c821ac\hotspot\src\share\vm\prims\jvm.cpp, line 1390]
Event: 0.437 Thread 0x00000000020d8000 Exception <a 'java/io/FileNotFoundException'> (0x00000000d5f35c28) thrown at [C:\BuildAgent\work\d332137835c821ac\hotspot\src\share\vm\prims\jni.cpp, line 709]
Event: 0.625 Thread 0x00000000020d8000 Exception <a 'java/lang/NoSuchFieldError': method resolution failed> (0x00000000d61af550) thrown at [C:\BuildAgent\work\d332137835c821ac\hotspot\src\share\vm\prims\methodHandles.cpp, line 1167]
Event: 0.634 Thread 0x00000000020d8000 Exception <a 'java/lang/NoSuchFieldError': method resolution failed> (0x00000000d61bd3c8) thrown at [C:\BuildAgent\work\d332137835c821ac\hotspot\src\share\vm\prims\methodHandles.cpp, line 1167]
Event: 0.679 Thread 0x00000000020d8000 Exception <a 'java/lang/ClassNotFoundException': sun/dc/DuctusRenderingEngine> (0x00000000d62b84b8) thrown at [C:\BuildAgent\work\d332137835c821ac\hotspot\src\share\vm\classfile\systemDictionary.cpp, line 210]

Events (10 events):
Event: 0.730 loading class java/awt/event/ActionListener
Event: 0.730 loading class java/awt/event/ActionListener done
Event: 0.730 loading class mvc/IViewer
Event: 0.730 loading class mvc/IViewer done
Event: 0.730 loading class gui/panels/GameGrid
Event: 0.730 loading class gui/panels/GameGrid done
Event: 0.731 loading class java/awt/Dimension
Event: 0.731 loading class java/awt/geom/Dimension2D
Event: 0.731 loading class java/awt/geom/Dimension2D done
Event: 0.731 loading class java/awt/Dimension done


Dynamic libraries:
0x000000013ff40000 - 0x000000013ff71000 	C:\Users\Mohamed\.IdeaIC2017.1\config\jdks\jbsdk8u152b819.1_windows_x64\bin\java.exe
0x00000000774e0000 - 0x000000007768a000 	C:\Windows\SYSTEM32\ntdll.dll
0x00000000773c0000 - 0x00000000774df000 	C:\Windows\system32\kernel32.dll
0x000007fefd4e0000 - 0x000007fefd54a000 	C:\Windows\system32\KERNELBASE.dll
0x000007fefe740000 - 0x000007fefe81b000 	C:\Windows\system32\ADVAPI32.dll
0x000007feff740000 - 0x000007feff7df000 	C:\Windows\system32\msvcrt.dll
0x000007fefe890000 - 0x000007fefe8af000 	C:\Windows\SYSTEM32\sechost.dll
0x000007fefdb50000 - 0x000007fefdc7d000 	C:\Windows\system32\RPCRT4.dll
0x00000000772c0000 - 0x00000000773ba000 	C:\Windows\system32\USER32.dll
0x000007fefe200000 - 0x000007fefe267000 	C:\Windows\system32\GDI32.dll
0x000007feff7e0000 - 0x000007feff7ee000 	C:\Windows\system32\LPK.dll
0x000007fefe020000 - 0x000007fefe0eb000 	C:\Windows\system32\USP10.dll
0x000007fefbbd0000 - 0x000007fefbdc4000 	C:\Windows\WinSxS\amd64_microsoft.windows.common-controls_6595b64144ccf1df_6.0.7601.18837_none_fa3b1e3d17594757\COMCTL32.dll
0x000007fefdc80000 - 0x000007fefdcf1000 	C:\Windows\system32\SHLWAPI.dll
0x000007fefd910000 - 0x000007fefd93e000 	C:\Windows\system32\IMM32.DLL
0x000007fefe0f0000 - 0x000007fefe1f9000 	C:\Windows\system32\MSCTF.dll
0x0000000074850000 - 0x0000000074922000 	C:\Users\Mohamed\.IdeaIC2017.1\config\jdks\jbsdk8u152b819.1_windows_x64\jre\bin\msvcr100.dll
0x0000000051e30000 - 0x000000005266e000 	C:\Users\Mohamed\.IdeaIC2017.1\config\jdks\jbsdk8u152b819.1_windows_x64\jre\bin\server\jvm.dll
0x000007fee9130000 - 0x000007fee9139000 	C:\Windows\system32\WSOCK32.dll
0x000007fefd590000 - 0x000007fefd5dd000 	C:\Windows\system32\WS2_32.dll
0x000007fefe820000 - 0x000007fefe828000 	C:\Windows\system32\NSI.dll
0x000007fef5980000 - 0x000007fef59bb000 	C:\Windows\system32\WINMM.dll
0x000007fefc260000 - 0x000007fefc26c000 	C:\Windows\system32\VERSION.dll
0x00000000776a0000 - 0x00000000776a7000 	C:\Windows\system32\PSAPI.DLL
0x000007fefbba0000 - 0x000007fefbbaf000 	C:\Users\Mohamed\.IdeaIC2017.1\config\jdks\jbsdk8u152b819.1_windows_x64\jre\bin\verify.dll
0x000007fefadb0000 - 0x000007fefadd9000 	C:\Users\Mohamed\.IdeaIC2017.1\config\jdks\jbsdk8u152b819.1_windows_x64\jre\bin\java.dll
0x000007fef1c60000 - 0x000007fef1c83000 	C:\Users\Mohamed\.IdeaIC2017.1\config\jdks\jbsdk8u152b819.1_windows_x64\jre\bin\instrument.dll
0x000007fefae40000 - 0x000007fefae56000 	C:\Users\Mohamed\.IdeaIC2017.1\config\jdks\jbsdk8u152b819.1_windows_x64\jre\bin\zip.dll
0x000007fefe990000 - 0x000007feff71b000 	C:\Windows\system32\SHELL32.dll
0x000007fefe270000 - 0x000007fefe46c000 	C:\Windows\system32\ole32.dll
0x000007fefd1d0000 - 0x000007fefd1df000 	C:\Windows\system32\profapi.dll
0x000007fee9950000 - 0x000007fee996a000 	C:\Program Files\JetBrains\IntelliJ IDEA Community Edition 2017.1.4\bin\breakgen64.dll
0x000007fefae20000 - 0x000007fefae3a000 	C:\Users\Mohamed\.IdeaIC2017.1\config\jdks\jbsdk8u152b819.1_windows_x64\jre\bin\net.dll
0x000007fefc960000 - 0x000007fefc9b5000 	C:\Windows\system32\mswsock.dll
0x000007fefc950000 - 0x000007fefc957000 	C:\Windows\System32\wship6.dll
0x000007feda880000 - 0x000007fedaa15000 	C:\Users\Mohamed\.IdeaIC2017.1\config\jdks\jbsdk8u152b819.1_windows_x64\jre\bin\awt.dll
0x000007fefe8b0000 - 0x000007fefe98a000 	C:\Windows\system32\OLEAUT32.dll
0x000007fed6350000 - 0x000007fed6714000 	C:\Windows\system32\d2d1.dll
0x000007fefb8b0000 - 0x000007fefb906000 	C:\Windows\system32\uxtheme.dll
0x000007fefb3a0000 - 0x000007fefb3b8000 	C:\Windows\system32\dwmapi.dll
0x000007fefd030000 - 0x000007fefd03f000 	C:\Windows\system32\CRYPTBASE.dll
0x000007fef8170000 - 0x000007fef8295000 	C:\Windows\system32\dbghelp.dll

VM Arguments:
jvm_args: -javaagent:C:\Program Files\JetBrains\IntelliJ IDEA Community Edition 2017.1.4\lib\idea_rt.jar=51850:C:\Program Files\JetBrains\IntelliJ IDEA Community Edition 2017.1.4\bin -Dfile.encoding=UTF-8 
java_command: mvc.Main
java_class_path (initial): C:\Users\Mohamed\.IdeaIC2017.1\config\jdks\jbsdk8u152b819.1_windows_x64\jre\lib\charsets.jar;C:\Users\Mohamed\.IdeaIC2017.1\config\jdks\jbsdk8u152b819.1_windows_x64\jre\lib\ext\access-bridge-64.jar;C:\Users\Mohamed\.IdeaIC2017.1\config\jdks\jbsdk8u152b819.1_windows_x64\jre\lib\ext\cldrdata.jar;C:\Users\Mohamed\.IdeaIC2017.1\config\jdks\jbsdk8u152b819.1_windows_x64\jre\lib\ext\dnsns.jar;C:\Users\Mohamed\.IdeaIC2017.1\config\jdks\jbsdk8u152b819.1_windows_x64\jre\lib\ext\jaccess.jar;C:\Users\Mohamed\.IdeaIC2017.1\config\jdks\jbsdk8u152b819.1_windows_x64\jre\lib\ext\jfxrt.jar;C:\Users\Mohamed\.IdeaIC2017.1\config\jdks\jbsdk8u152b819.1_windows_x64\jre\lib\ext\localedata.jar;C:\Users\Mohamed\.IdeaIC2017.1\config\jdks\jbsdk8u152b819.1_windows_x64\jre\lib\ext\nashorn.jar;C:\Users\Mohamed\.IdeaIC2017.1\config\jdks\jbsdk8u152b819.1_windows_x64\jre\lib\ext\sunec.jar;C:\Users\Mohamed\.IdeaIC2017.1\config\jdks\jbsdk8u152b819.1_windows_x64\jre\lib\ext\sunjce_provider.jar;C:\Users\Mohamed\.IdeaIC2017.1\config\jdks\jbsdk8u152b819.1_windows_x64\jre\lib\ext\sunmscapi.jar;C:\Users\Mohamed\.IdeaIC2017.1\config\jdks\jbsdk8u152b819.1_windows_x64\jre\lib\ext\sunpkcs11.jar;C:\Users\Mohamed\.IdeaIC2017.1\config\jdks\jbsdk8u152b819.1_windows_x64\jre\lib\ext\zipfs.jar;C:\Users\Mohamed\.IdeaIC2017.1\config\jdks\jbsdk8u152b819.1_windows_x64\jre\lib\jce.jar;C:\Users\Mohamed\.IdeaIC2017.1\config\jdks\jbsdk8u152b819.1_windows_x64\jre\lib\jfxswt.jar;C:\Users\Mohamed\.IdeaIC2017.1\config\jdks\jbsdk8u152b819.1_windows_x64\jre\lib\jsse.jar;C:\Users\Mohamed\.IdeaIC2017.1\config\jdks\jbsdk8u152b819.1_windows_x64\jre\lib\management-agent.jar;C:\Users\Mohamed\.IdeaIC2017.1\config\jdks\jbsdk8u152b819.1_windows_x64\jre\lib\resources.jar;C:\Users\Mohamed\.IdeaIC2017.1\config\jdks\jbsdk8u152b819.1_windows_x64\jre\lib\rt.jar;C:\Users\Mohamed\git\Circus of Plates\CircusOfPlates\classes\production\CircusOfPlates;C:\Program Files\JetBrains\IntelliJ IDEA Community Edition 2017.1.4\lib\
Launcher Type: SUN_STANDARD

Environment Variables:
PATH=C:\Xilinx\10.\ISE\bin\nt;C:\Xilinx\10.\ISE\lib\nt;C:\Xilinx\10.\ISE\smartmodel\nt\installed_nt\lib\pcnt.lib;C:\MinGW\bin;C:\MinGW\msys\1.0\bin;C:\Program Files\Common Files\Microsoft Shared\Windows Live;C:\Program Files (x86)\Common Files\Microsoft Shared\Windows Live;C:\Program Files\Java\jdk1.7.0_79\bin;C:\Program Files\nodejs\;C:\Program Files (x86)\Windows Live\Shared;H:\frc\bin;C:\Program Files\MATLAB\R2013a\runtime\win64;C:\Program Files\MATLAB\R2013a\bin;C:\Program Files\Git\cmd;C:\Users\Mohamed\AppData\Roaming\npm
USERNAME=Mohamed
OS=Windows_NT
PROCESSOR_IDENTIFIER=Intel64 Family 6 Model 69 Stepping 1, GenuineIntel



---------------  S Y S T E M  ---------------

OS: Windows 7 , 64 bit Build 7601 (6.1.7601.23864)

CPU:total 4 (initial active 4) (2 cores per cpu, 2 threads per core) family 6 model 69 stepping 1, cmov, cx8, fxsr, mmx, sse, sse2, sse3, ssse3, sse4.1, sse4.2, popcnt, avx, avx2, aes, clmul, erms, lzcnt, ht, tsc, tscinvbit, bmi1, bmi2

Memory: 4k page, physical 8282480k(3958088k free), swap 16563100k(11247712k free)

vm_info: OpenJDK 64-Bit Server VM (25.152-b1) for windows-amd64 JRE (1.8.0_152-release-819-b1), built on Apr 10 2017 10:23:41 by "builduser" with MS VC++ 10.0 (VS2010)

time: Wed Aug 23 02:57:28 2017
elapsed time: 0 seconds (0d 0h 0m 0s)

